<?xml version="1.0" encoding="UTF-8"?>
<!-- Generated by org.testng.reporters.JUnitXMLReporter -->
<testsuite hostname="DESKTOP-FDOBOJL" ignored="0" name="Automation Test Report" tests="1" failures="1" timestamp="11 Oct 2019 07:55:34 GMT" time="32.36" errors="0">
  <testcase name="@AfterClass tearDownClass" time="0.0" classname="com.ibm.testautomation.testrunner.TestRunner">
    <skipped/>
  </testcase> <!-- @AfterClass tearDownClass -->
  <testcase name="feature" time="31.976" classname="com.ibm.testautomation.testrunner.TestRunner">
    <failure type="java.lang.AssertionError" message="null">
      <![CDATA[java.lang.AssertionError: null
at com.ibm.testautomation.stepdef.MyJuniperStepDef.enter_customer_email(MyJuniperStepDef.java:139)
at âœ½.Enter Customer Email(src/test/java/Features/MyJuniper.feature:8)
... Removed 2 stack frames]]>
    </failure>
  </testcase> <!-- feature -->
</testsuite> <!-- Automation Test Report -->
