<?xml version="1.0" encoding="UTF-8"?>
<!-- Generated by org.testng.reporters.JUnitXMLReporter -->
<testsuite hostname="DESKTOP-FDOBOJL" ignored="0" name="Automation Test Report" tests="1" failures="1" timestamp="02 Oct 2019 12:31:49 GMT" time="9.854" errors="0">
  <testcase name="feature" time="9.263" classname="com.ibm.testautomation.testrunner.TestRunner">
    <failure type="java.lang.AssertionError" message="null">
      <![CDATA[java.lang.AssertionError: null
at com.ibm.testautomation.stepdef.MyJuniperStepDef.open_myjuniper_application(MyJuniperStepDef.java:100)
at âœ½.Open MyJuniper Application(src/test/java/Features/MyJuniper.feature:6)
... Removed 2 stack frames]]>
    </failure>
  </testcase> <!-- feature -->
</testsuite> <!-- Automation Test Report -->
