<?xml version="1.0" encoding="UTF-8"?>
<testng-results skipped="0" failed="1" ignored="0" total="1" passed="0">
  <reporter-output>
  </reporter-output>
  <suite name="Automation Test Report" duration-ms="9854" started-at="2019-10-02T12:31:39Z" finished-at="2019-10-02T12:31:48Z">
    <groups>
    </groups>
    <test name="Automation Test Report" duration-ms="9854" started-at="2019-10-02T12:31:39Z" finished-at="2019-10-02T12:31:48Z">
      <class name="com.ibm.testautomation.testrunner.TestRunner">
        <test-method status="PASS" signature="setUpClass()[pri:0, instance:com.ibm.testautomation.testrunner.TestRunner@78c03f1f]" name="setUpClass" is-config="true" duration-ms="195" started-at="2019-10-02T12:31:39Z" finished-at="2019-10-02T12:31:39Z">
          <reporter-output>
          </reporter-output>
        </test-method> <!-- setUpClass -->
        <test-method status="FAIL" signature="feature(cucumber.api.testng.PickleEventWrapper, cucumber.api.testng.CucumberFeatureWrapper)[pri:0, instance:com.ibm.testautomation.testrunner.TestRunner@78c03f1f]" name="feature" duration-ms="9263" started-at="2019-10-02T12:31:39Z" data-provider="features" finished-at="2019-10-02T12:31:48Z">
          <params>
            <param index="0">
              <value>
                <![CDATA["Verify MyJuniper Application"]]>
              </value>
            </param>
            <param index="1">
              <value>
                <![CDATA["MyJuniper Application Flow Check"]]>
              </value>
            </param>
          </params>
          <exception class="java.lang.AssertionError">
            <message>
              <![CDATA[null]]>
            </message>
            <full-stacktrace>
              <![CDATA[java.lang.AssertionError: null
at org.testng.Assert.fail(Assert.java:96)
at org.testng.Assert.fail(Assert.java:103)
at com.ibm.testautomation.stepdef.MyJuniperStepDef.open_myjuniper_application(MyJuniperStepDef.java:100)
at âœ½.Open MyJuniper Application(src/test/java/Features/MyJuniper.feature:6)
]]>
            </full-stacktrace>
          </exception> <!-- java.lang.AssertionError -->
          <reporter-output>
          </reporter-output>
        </test-method> <!-- feature -->
        <test-method status="PASS" signature="tearDownClass()[pri:0, instance:com.ibm.testautomation.testrunner.TestRunner@78c03f1f]" name="tearDownClass" is-config="true" duration-ms="15" started-at="2019-10-02T12:31:48Z" finished-at="2019-10-02T12:31:48Z">
          <reporter-output>
          </reporter-output>
        </test-method> <!-- tearDownClass -->
      </class> <!-- com.ibm.testautomation.testrunner.TestRunner -->
    </test> <!-- Automation Test Report -->
  </suite> <!-- Automation Test Report -->
</testng-results>
