<?xml version="1.0" encoding="UTF-8"?>
<!-- Generated by org.testng.reporters.JUnitReportReporter -->
<testsuite skipped="0" hostname="DESKTOP-FDOBOJL" name="com.ibm.testautomation.testrunner.TestRunner" tests="1" failures="1" timestamp="01 Oct 2019 11:05:58 GMT" time="41.655" errors="0">
  <testcase name="feature" time="41.655" classname="com.ibm.testautomation.testrunner.TestRunner">
    <failure type="java.lang.AssertionError" message="null">
      <![CDATA[java.lang.AssertionError: null
at org.testng.Assert.fail(Assert.java:96)
at org.testng.Assert.fail(Assert.java:103)
at com.ibm.testautomation.stepdef.MyJuniperStepDef.open_myjuniper_application(MyJuniperStepDef.java:84)
at âœ½.Open MyJuniper Application(src/test/java/Features/MyJuniper.feature:6)
]]>
    </failure>
  </testcase> <!-- feature -->
</testsuite> <!-- com.ibm.testautomation.testrunner.TestRunner -->
